2022-03-04 13:06:27,458 [main] INFO  ReportBuilder:229 - net.masterthought.cucumber.ValidationException: None report file was added!
2022-03-04 13:12:03,403 [main] INFO  ReportBuilder:229 - net.masterthought.cucumber.ValidationException: None report file was added!
2022-03-04 13:14:59,019 [main] INFO  ReportBuilder:229 - net.masterthought.cucumber.ValidationException: None report file was added!
2022-03-04 13:21:25,590 [main] INFO  ReportBuilder:229 - net.masterthought.cucumber.ValidationException: None report file was added!
2022-03-04 13:21:56,213 [main] INFO  ReportBuilder:229 - net.masterthought.cucumber.ValidationException: None report file was added!
2022-03-04 13:25:20,303 [main] INFO  ReportBuilder:229 - net.masterthought.cucumber.ValidationException: None report file was added!
2022-03-04 13:30:24,974 [main] INFO  ReportBuilder:229 - net.masterthought.cucumber.ValidationException: None report file was added!
20220304-133523 [main] INFO  ReportBuilder:229 - net.masterthought.cucumber.ValidationException: None report file was added!
2022-03-04-13:36:11 [main] INFO  ReportBuilder:229 - net.masterthought.cucumber.ValidationException: None report file was added!
2022-03-04 13:37:39 [main] INFO  ReportBuilder:229 - net.masterthought.cucumber.ValidationException: None report file was added!
2022-03-04 13:46:24 [main] INFO  ReportBuilder:229 - net.masterthought.cucumber.ValidationException: None report file was added!
2022-03-04 13:48:25 [main] INFO  ReportBuilder:229 - net.masterthought.cucumber.ValidationException: None report file was added!
2022-03-04 [main] INFO  ReportBuilder:229 - net.masterthought.cucumber.ValidationException: None report file was added!
2022-03-04 13:52:47 [main] INFO  ReportBuilder:229 - net.masterthought.cucumber.ValidationException: None report file was added!
2022-03-04 14:00:06 [main] INFO  ReportBuilder:229 - net.masterthought.cucumber.ValidationException: None report file was added!
2022-03-04 14:05:58 [main] INFO  ReportBuilder:229 - net.masterthought.cucumber.ValidationException: None report file was added!
2022-03-04 14:06:44 [main] INFO  ReportBuilder:229 - net.masterthought.cucumber.ValidationException: None report file was added!
2022-03-04 14:24:44 [main] INFO  ReportBuilder:229 - net.masterthought.cucumber.ValidationException: None report file was added!
2022-03-04 14:25:10 [main] INFO  ReportBuilder:229 - net.masterthought.cucumber.ValidationException: None report file was added!
2022-03-04 14:25:55 [main] INFO  ReportBuilder:229 - net.masterthought.cucumber.ValidationException: None report file was added!
2022-03-04 14:35:32 [main] INFO  ReportBuilder:229 - net.masterthought.cucumber.ValidationException: None report file was added!
2022-03-04 14:36:37 [main] INFO  ReportBuilder:229 - net.masterthought.cucumber.ValidationException: None report file was added!
2022-03-04 14:37:20 [main] INFO  ReportBuilder:229 - net.masterthought.cucumber.ValidationException: None report file was added!
2022-03-04 14:38:27 [main] INFO  ReportBuilder:229 - net.masterthought.cucumber.ValidationException: None report file was added!
2022-03-04 14:39:02 [main] INFO  ReportBuilder:229 - net.masterthought.cucumber.ValidationException: None report file was added!
2022-03-04 14:39:31 [main] INFO  ReportBuilder:229 - net.masterthought.cucumber.ValidationException: None report file was added!
2022-03-04 14:52:25 [main] INFO  ReportBuilder:229 - net.masterthought.cucumber.ValidationException: None report file was added!
2022-03-04 15:00:17 [main] INFO  ReportBuilder:229 - net.masterthought.cucumber.ValidationException: None report file was added!
2022-03-04 15:00:43 [main] INFO  ReportBuilder:229 - net.masterthought.cucumber.ValidationException: None report file was added!
2022-03-04 15:01:10 [main] INFO  ReportBuilder:229 - net.masterthought.cucumber.ValidationException: None report file was added!
2022-03-07 12:29:29 [main] INFO  ReportBuilder:229 - net.masterthought.cucumber.ValidationException: None report file was added!
2022-03-07 12:29:57 [main] INFO  ReportBuilder:229 - net.masterthought.cucumber.ValidationException: None report file was added!
2022-03-07 13:00:14 [main] INFO  ReportBuilder:229 - net.masterthought.cucumber.ValidationException: None report file was added!
2022-03-07 13:00:46 [main] INFO  ReportBuilder:229 - net.masterthought.cucumber.ValidationException: None report file was added!
2022-03-07 13:00:58 [main] INFO  ReportBuilder:229 - net.masterthought.cucumber.ValidationException: None report file was added!
2022-03-07 13:03:10 [main] INFO  ReportBuilder:229 - net.masterthought.cucumber.ValidationException: None report file was added!
2022-03-07 13:43:31 [main] INFO  ReportBuilder:229 - net.masterthought.cucumber.ValidationException: None report file was added!
2022-03-07 15:43:19 [main] INFO  ReportBuilder:229 - net.masterthought.cucumber.ValidationException: None report file was added!
2022-03-07 17:34:23 [main] INFO  ReportBuilder:229 - net.masterthought.cucumber.ValidationException: None report file was added!
2022-03-07 17:53:56 [main] INFO  ReportBuilder:229 - net.masterthought.cucumber.ValidationException: None report file was added!
2022-03-07 17:58:18 [main] INFO  ReportBuilder:229 - net.masterthought.cucumber.ValidationException: None report file was added!
2022-03-07 17:58:38 [main] INFO  ReportBuilder:229 - net.masterthought.cucumber.ValidationException: None report file was added!
2022-03-07 18:00:13 [main] INFO  ReportBuilder:229 - net.masterthought.cucumber.ValidationException: None report file was added!
2022-03-07 18:00:38 [main] INFO  ReportBuilder:229 - net.masterthought.cucumber.ValidationException: None report file was added!
2022-03-07 18:02:01 [main] INFO  ReportBuilder:229 - net.masterthought.cucumber.ValidationException: None report file was added!
2022-03-07 18:13:01 [main] INFO  ReportBuilder:229 - net.masterthought.cucumber.ValidationException: None report file was added!
2022-03-07 18:19:00 [main] INFO  ReportBuilder:229 - net.masterthought.cucumber.ValidationException: None report file was added!
2022-03-07 18:19:35 [main] INFO  ReportBuilder:229 - net.masterthought.cucumber.ValidationException: None report file was added!
2022-03-07 18:25:10 [main] INFO  ReportBuilder:229 - net.masterthought.cucumber.ValidationException: None report file was added!
2022-03-07 18:30:20 [main] INFO  ReportBuilder:229 - net.masterthought.cucumber.ValidationException: None report file was added!
2022-03-07 18:31:12 [main] INFO  ReportBuilder:229 - net.masterthought.cucumber.ValidationException: None report file was added!
2022-03-07 18:31:46 [main] INFO  ReportBuilder:229 - net.masterthought.cucumber.ValidationException: None report file was added!
2022-03-08 13:10:18 [main] INFO  ReportBuilder:229 - net.masterthought.cucumber.ValidationException: None report file was added!
2022-03-08 13:12:55 [main] INFO  ReportParser:59 - File 'C:\Users\Eduardo\IdeaProjects\cucumber\Reporte\target\karate-reports\examples.test.test.json' contain 1 features
2022-03-08 16:20:46 [main] INFO  ReportParser:59 - File 'C:\Users\Eduardo\IdeaProjects\cucumber\Reporte\target\karate-reports\examples.test.test.json' contain 1 features
2022-03-08 16:21:10 [main] INFO  ReportParser:59 - File 'C:\Users\Eduardo\IdeaProjects\cucumber\Reporte\target\karate-reports\examples.test.test.json' contain 1 features
2022-03-08 16:22:37 [main] INFO  ReportParser:59 - File 'C:\Users\Eduardo\IdeaProjects\cucumber\Reporte\target\karate-reports\examples.test.test.json' contain 1 features
2022-03-11 10:52:51 [main] INFO  ReportParser:59 - File 'C:\Users\Eduardo\IdeaProjects\cucumber\Reporte\target\karate-reports\examples.test.getList.json' contain 1 features
2022-03-11 10:52:51 [main] INFO  ReportParser:59 - File 'C:\Users\Eduardo\IdeaProjects\cucumber\Reporte\target\karate-reports\examples.test.test.json' contain 1 features
2022-03-11 11:26:30 [main] INFO  ReportParser:59 - File 'C:\Users\Eduardo\IdeaProjects\cucumber\Reporte\target\karate-reports\examples.test.get.json' contain 1 features
2022-03-11 11:26:30 [main] INFO  ReportParser:59 - File 'C:\Users\Eduardo\IdeaProjects\cucumber\Reporte\target\karate-reports\examples.test.getList.json' contain 1 features
2022-03-11 11:26:30 [main] INFO  ReportParser:59 - File 'C:\Users\Eduardo\IdeaProjects\cucumber\Reporte\target\karate-reports\examples.test.test.json' contain 1 features
